\BOOKMARK [0][-]{chapter.1}{Τι θα χρησιμοποιήσουμε;}{}% 1
\BOOKMARK [1][-]{section.1.1}{Η γλώσσα προγραμματισμού Python}{chapter.1}% 2
\BOOKMARK [1][-]{section.1.2}{Ο επεξεργαστής προγραμμάτων Mu}{chapter.1}% 3
\BOOKMARK [1][-]{section.1.3}{Το βιβλίο μαθηματικών της Α΄ Γυμνασίου}{chapter.1}% 4
\BOOKMARK [0][-]{chapter.2}{Φυσικοί αριθμοί}{}% 5
\BOOKMARK [1][-]{section.2.1}{Οι αριθμοί και η Python}{chapter.2}% 6
\BOOKMARK [1][-]{section.2.2}{Πρόσθεση, αφαίρεση και πολλαπλασιασμός φυσικών αριθμών}{chapter.2}% 7
\BOOKMARK [1][-]{section.2.3}{Δυνάμεις φυσικών αριθμών}{chapter.2}% 8
\BOOKMARK [1][-]{section.2.4}{Συγκρίσεις φυσικών αριθμών}{chapter.2}% 9
\BOOKMARK [1][-]{section.2.5}{Η εντολή print}{chapter.2}% 10
\BOOKMARK [1][-]{section.2.6}{Απαρίθμηση}{chapter.2}% 11
\BOOKMARK [1][-]{section.2.7}{Στρογγυλοποίηση}{chapter.2}% 12
\BOOKMARK [1][-]{section.2.8}{Επανάληψη στις πράξεις}{chapter.2}% 13
\BOOKMARK [1][-]{section.2.9}{Ανάπτυγμα}{chapter.2}% 14
\BOOKMARK [1][-]{section.2.10}{Ιστορικό σημείωμα}{chapter.2}% 15
\BOOKMARK [1][-]{section.2.11}{Ευκλείδια διαίρεση}{chapter.2}% 16
\BOOKMARK [1][-]{section.2.12}{Χαρακτήρες διαιρετότητας - ΜΚΔ - ΕΚΠ - Ανάλυση αριθμού σε γινόμενο πρώτων παραγόντων}{chapter.2}% 17
\BOOKMARK [0][-]{chapter.3}{Η έννοια του κλάσματος}{}% 18
\BOOKMARK [1][-]{section.3.1}{Εισαγωγή}{chapter.3}% 19
\BOOKMARK [1][-]{section.3.2}{Άσκήσεις}{chapter.3}% 20
\BOOKMARK [1][-]{section.3.3}{Ισοδύναμα κλάσματα}{chapter.3}% 21
\BOOKMARK [1][-]{section.3.4}{Πρόσθεση και αφαίρεση κλασμάτων}{chapter.3}% 22
\BOOKMARK [1][-]{section.3.5}{Σύγκριση κλασμάτων}{chapter.3}% 23
\BOOKMARK [1][-]{section.3.6}{Πολλαπλασιασμός κλασμάτων}{chapter.3}% 24
\BOOKMARK [0][-]{chapter.4}{Δεκαδικοί αριθμοί}{}% 25
\BOOKMARK [1][-]{section.4.1}{Εισαγωγή}{chapter.4}% 26
\BOOKMARK [1][-]{section.4.2}{Τυποποιημένη μορφή μεγάλων αριθμών}{chapter.4}% 27
\BOOKMARK [0][-]{chapter.5}{Εξισώσεις και προβλήματα}{}% 28
\BOOKMARK [1][-]{section.5.1}{Η έννοια της εξίσωσης}{chapter.5}% 29
\BOOKMARK [0][-]{chapter.6}{Ποσοστά}{}% 30
